92
138
151
152
153
154
155
156
157
158
383
411
412
413
414
415
418
419
420
421
422
423
424
425
426
427
685
686
687
688
689
692
693
694
695
696
697
698
699
700
769
978
980
981
982
983
984
986
987
989
990
992
994
996
997
998
999
1000
1001
1002
1004
1006
1007
1010
1013
1014
1015
1017
1018
1019
1020
1021
1022
1025
1026
1029
1030
1032
1033
1034
1035
1036
1040
1041
1042
1043
1044
1045
1046
1048
1050
1052
1053
1054
1058
1059
1061
1062
1069
1070
1071
1072
1073
1074
1075
1077
1078
1079
1080
1159
1391
1395
1810
1952
1953
1954
1956
2133
2465
2466
2496
2607
2610
2611
2612
2614
2615
2616
3793
3824
3825
3826
3828
3829
3831
3835
3837
3839
3840
3857
3864
3866
3867
4103
4239
4249
4250
4457
4520
4969
4970
5392
5401
5407
5410
5411
5413
5414
5424
5596
5600
5601
5602
5604
5605
5607
5609
5615
6172
6182
6364
6379
6411
6413
6414
6415
6419
6420
6422
6423
6424
6425
6426
6427
6428
6429
6430
6431
6432
6433
6434
6435
6447
7049
7050
7054
7056
7057
7206
7230
7232
7267
7269
7376
7378
8180
8181
8182
8184
8189
8190
8191
8192
8194
8196
8227
8235
8239
8240
8241
8244
8245
8247
8248
8249
8250
8251
8252
8253
8254
8255
8256
8257
8258
8259
8260
8261
8262
8263
8264
8269
8270
8271
8272
8273
8274
8275
8276
8277
8278
8279
8280
8281
8282
8283
8284
8285
8286
8287
8289
8290
8292
8293
8294
8295
8296
8297
8300
8302
8304
8305
8307
8308
8309
8310
8311
8312
8313
8314
8315
8317
8318
8319
8321
8322
8323
8324
8325
8326
8328
8329
8330
8333
8334
8336
8337
8338
8339
8341
8343
8344
8346
8347
8348
8350
8351
8352
8353
8354
8355
8358
8360
8361
8363
8364
8371
8373
8374
8376
8451
8894
8915
9013
9014
9015
9016
9017
9020
9021
9022
9024
9025
9026
9027
9028
9029
9030
9031
9032
10492
11020
11304
11306
11307
11308
11309
12030
12116
12117
12118
12119
12120
12518
12520
12521
12522
12523
12524
12526
12527
12528
12529
12531
12537
12538
12540
12541
12944
13361
13362
13363
13366
13367
13368
13369
13370
13371
13372
13373
13375
13376
13377
13378
13379
13380
13381
13382
13383
13385
13386
13387
13388
13389
13390
13391
13392
13393
13396
13398
13399
13400
13401
13402
13403
13404
13406
13526
13642
13865
13866
13867
13869
13871
13873
13874
13875
13876
13877
13878
13879
13880
13881
13883
13884
13885
13886
13891
13892
13893
13919
16440
16441
16442
16443
16525
16698
16701
16705
16708
16711
16712
16721
16723
16727
16730
16731
16732
16736
16737
16740
16741
16742
16743
16744
16745
16746
16747
16748
16749
16750
16751
16753
16754
16755
16757
16758
16759
16760
16762
16941
16943
16944
16945
16947
16950
16951
16952
16953
16955
16956
16957
16959
16962
16964
16965
16966
16967
16968
16969
16972
16973
16975
16977
16979
16980
16984
16985
16986
16987
16988
16992
16993
16996
16998
16999
17000
17004
17005
17006
17010
17011
17013
17014
17017
17018
17019
17020
17022
17023
17024
17027
17030
17033
17040
17041
17042
17043
17049
17051
17054
17056
17057
17059
17060
17061
17063
17064
17066
17067
17068
17069
17070
17074
17078
17079
17083
17084
17085
17086
17087
17092
17093
17094
17095
17096
17097
17099
17100
17101
17102
17103
17104
17105
17106
17107
17108
17109
17110
17111
17112
17113
17114
17116
17118
17119
17120
17121
17123
17124
17125
17126
17127
17128
17133
17134
17135
17136
17137
17138
17141
17142
17144
17145
17146
17148
17151
17155
17162
17164
17165
17166
17167
17170
17171
17172
17173
17176
17180
17184
17185
17186
17187
17489
18389
18391
18428
18429
18430
18608
19123
19130
19163
19166
19167
19168
19169
19170
19174
19176
19301
19302
19334
19341
19347
19367
19374
19377
19383
19386
19387
19391
19404
19407
19415
19416
19417
19421
19422
19423
19426
19428
19429
19430
19431
19432
19433
19434
19435
19437
19438
19641
19643
19644
19646
19647
19648
19649
19650
19651
19652
19654
19655
19656
19657
19658
19659
19661
19662
19663
19664
19665
19666
19667
19669
19670
19671
19672
19674
19677
19678
19682
19683
19685
19686
19687
19688
19690
19692
19694
19695
19696
19699
19701
19924
19925
19926
19927
20518
20522
20523
20524
20525
20527
20529
20532
20533
20536
20537
22451
22452
22453
22455
22456
22457
22459
22460
22461
22462
22463
22464
22465
22467
22468
22471
22474
22475
22476
22477
22478
22480
22481
22482
22484
22485
22486
22487
22489
22491
22492
22493
22495
22496
22497
22500
22502
22503
22506
22509
22510
22514
22515
22516
22517
22518
22519
22520
22521
22523
22524
22525
22526
22527
22528
22529
22530
22532
22534
22538
22539
22542
22543
22544
22545
22547
23275
23332
24067
24173
24480
24485
24490
24491
24495
24496
24554
24555
24556
24557
24647
24648
24658
24664
24669
24672
24674
24675
24679
24687
24688
24689
24693
24697
24701
24703
24732
27323
27467
27538
27539
27863
31044
31130
31131
31133
31134
31512
31514
31515
31516
31535
31805
31806
32054
33642
34020
34249
34250
34251
34708
34918
34919
34920
34921
36264
36265
36832
36848
36862
36972
37129
37182
37217
37243
37287
37393
37634
37681
